<?xml version="1.0" encoding="UTF-8"?>
<!-- Generated by org.testng.reporters.JUnitXMLReporter -->
<testsuite hostname="IN-MH1LPW101177" ignored="0" name="Selenix" tests="4" failures="0" timestamp="02 Jan 2020 12:33:16 GMT" time="33.805" errors="0">
  <testcase name="runScenario" time="15.784" classname="io.cucumber.testng.AbstractTestNGCucumberTests"/>
  <testcase name="runScenario" time="6.86" classname="io.cucumber.testng.AbstractTestNGCucumberTests"/>
  <testcase name="runScenario" time="3.954" classname="io.cucumber.testng.AbstractTestNGCucumberTests"/>
  <testcase name="runScenario" time="2.659" classname="io.cucumber.testng.AbstractTestNGCucumberTests"/>
</testsuite> <!-- Selenix -->
