<?xml version="1.0" encoding="UTF-8"?>
<testng-results skipped="0" failed="0" ignored="0" total="4" passed="4">
  <reporter-output>
  </reporter-output>
  <suite name="Suite" duration-ms="22440" started-at="2020-01-02T09:09:23Z" finished-at="2020-01-02T09:09:46Z">
    <groups>
      <group name="cucumber">
        <method signature="AbstractTestNGCucumberTests.runScenario(io.cucumber.testng.PickleEventWrapper, io.cucumber.testng.CucumberFeatureWrapper)[pri:0, instance:runners.MainRunnerTest@5d5eef3d]" name="runScenario" class="io.cucumber.testng.AbstractTestNGCucumberTests"/>
      </group> <!-- cucumber -->
    </groups>
    <test name="Selenix" duration-ms="22440" started-at="2020-01-02T09:09:23Z" finished-at="2020-01-02T09:09:46Z">
      <class name="runners.MainRunnerTest">
        <test-method status="PASS" signature="setUpClass()[pri:0, instance:runners.MainRunnerTest@5d5eef3d]" name="setUpClass" is-config="true" duration-ms="203" started-at="2020-01-02T09:09:23Z" finished-at="2020-01-02T09:09:24Z">
          <reporter-output>
          </reporter-output>
        </test-method> <!-- setUpClass -->
        <test-method status="PASS" signature="runScenario(io.cucumber.testng.PickleEventWrapper, io.cucumber.testng.CucumberFeatureWrapper)[pri:0, instance:runners.MainRunnerTest@5d5eef3d]" name="runScenario" duration-ms="19130" started-at="2020-01-02T09:09:24Z" description="Runs Cucumber Scenarios" data-provider="scenarios" finished-at="2020-01-02T09:09:43Z">
          <params>
            <param index="0">
              <value>
                <![CDATA["Cucumber"]]>
              </value>
            </param>
            <param index="1">
              <value>
                <![CDATA["sample feature1"]]>
              </value>
            </param>
          </params>
          <reporter-output>
          </reporter-output>
        </test-method> <!-- runScenario -->
        <test-method status="PASS" signature="runScenario(io.cucumber.testng.PickleEventWrapper, io.cucumber.testng.CucumberFeatureWrapper)[pri:0, instance:runners.MainRunnerTest@5d5eef3d]" name="runScenario" duration-ms="19143" started-at="2020-01-02T09:09:24Z" description="Runs Cucumber Scenarios" data-provider="scenarios" finished-at="2020-01-02T09:09:43Z">
          <params>
            <param index="0">
              <value>
                <![CDATA["Selenium"]]>
              </value>
            </param>
            <param index="1">
              <value>
                <![CDATA["sample feature1"]]>
              </value>
            </param>
          </params>
          <reporter-output>
          </reporter-output>
        </test-method> <!-- runScenario -->
        <test-method status="PASS" signature="runScenario(io.cucumber.testng.PickleEventWrapper, io.cucumber.testng.CucumberFeatureWrapper)[pri:0, instance:runners.MainRunnerTest@5d5eef3d]" name="runScenario" duration-ms="19153" started-at="2020-01-02T09:09:24Z" description="Runs Cucumber Scenarios" data-provider="scenarios" finished-at="2020-01-02T09:09:43Z">
          <params>
            <param index="0">
              <value>
                <![CDATA["Eclipse"]]>
              </value>
            </param>
            <param index="1">
              <value>
                <![CDATA["sample feature2"]]>
              </value>
            </param>
          </params>
          <reporter-output>
          </reporter-output>
        </test-method> <!-- runScenario -->
        <test-method status="PASS" signature="runScenario(io.cucumber.testng.PickleEventWrapper, io.cucumber.testng.CucumberFeatureWrapper)[pri:0, instance:runners.MainRunnerTest@5d5eef3d]" name="runScenario" duration-ms="20765" started-at="2020-01-02T09:09:24Z" description="Runs Cucumber Scenarios" data-provider="scenarios" finished-at="2020-01-02T09:09:44Z">
          <params>
            <param index="0">
              <value>
                <![CDATA["Sachin Tendulkar"]]>
              </value>
            </param>
            <param index="1">
              <value>
                <![CDATA["sample feature2"]]>
              </value>
            </param>
          </params>
          <reporter-output>
          </reporter-output>
        </test-method> <!-- runScenario -->
        <test-method status="PASS" signature="tearDownClass()[pri:0, instance:runners.MainRunnerTest@5d5eef3d]" name="tearDownClass" is-config="true" duration-ms="1408" started-at="2020-01-02T09:09:44Z" finished-at="2020-01-02T09:09:46Z">
          <reporter-output>
          </reporter-output>
        </test-method> <!-- tearDownClass -->
      </class> <!-- runners.MainRunnerTest -->
    </test> <!-- Selenix -->
  </suite> <!-- Suite -->
</testng-results>
