<?xml version="1.0" encoding="UTF-8"?>
<testng-results skipped="0" failed="0" ignored="0" total="1" passed="1">
  <reporter-output>
  </reporter-output>
  <suite name="Suite" duration-ms="43564" started-at="2020-01-02T04:53:19Z" finished-at="2020-01-02T04:54:03Z">
    <groups>
      <group name="cucumber">
        <method signature="AbstractTestNGCucumberTests.runScenario(io.cucumber.testng.PickleEventWrapper, io.cucumber.testng.CucumberFeatureWrapper)[pri:0, instance:runners.MainRunnerTest@573f2bb1]" name="runScenario" class="io.cucumber.testng.AbstractTestNGCucumberTests"/>
      </group> <!-- cucumber -->
    </groups>
    <test name="Selenix" duration-ms="43564" started-at="2020-01-02T04:53:19Z" finished-at="2020-01-02T04:54:03Z">
      <class name="runners.MainRunnerTest">
        <test-method status="PASS" signature="setUpClass()[pri:0, instance:runners.MainRunnerTest@573f2bb1]" name="setUpClass" is-config="true" duration-ms="305" started-at="2020-01-02T04:53:19Z" finished-at="2020-01-02T04:53:19Z">
          <reporter-output>
          </reporter-output>
        </test-method> <!-- setUpClass -->
        <test-method status="PASS" signature="runScenario(io.cucumber.testng.PickleEventWrapper, io.cucumber.testng.CucumberFeatureWrapper)[pri:0, instance:runners.MainRunnerTest@573f2bb1]" name="runScenario" duration-ms="43160" started-at="2020-01-02T04:53:19Z" description="Runs Cucumber Scenarios" data-provider="scenarios" finished-at="2020-01-02T04:54:03Z">
          <params>
            <param index="0">
              <value>
                <![CDATA["Cucumber"]]>
              </value>
            </param>
            <param index="1">
              <value>
                <![CDATA["sample feature1"]]>
              </value>
            </param>
          </params>
          <reporter-output>
          </reporter-output>
        </test-method> <!-- runScenario -->
        <test-method status="PASS" signature="tearDownClass()[pri:0, instance:runners.MainRunnerTest@573f2bb1]" name="tearDownClass" is-config="true" duration-ms="35" started-at="2020-01-02T04:54:03Z" finished-at="2020-01-02T04:54:03Z">
          <reporter-output>
          </reporter-output>
        </test-method> <!-- tearDownClass -->
      </class> <!-- runners.MainRunnerTest -->
    </test> <!-- Selenix -->
  </suite> <!-- Suite -->
</testng-results>
